c:\users\iship\onedrive\документы\github\crossplatform\shipov_lab2\shipov_lab2\x64\debug\vc143.pdb
c:\users\iship\onedrive\документы\github\crossplatform\shipov_lab2\shipov_lab2\x64\debug\vc143.idb
c:\users\iship\onedrive\документы\github\crossplatform\shipov_lab2\shipov_lab2\x64\debug\source.obj
c:\users\iship\onedrive\документы\github\crossplatform\shipov_lab2\shipov_lab2\x64\debug\function.obj
c:\users\iship\onedrive\документы\github\crossplatform\shipov_lab2\shipov_lab2\x64\debug\cs.obj
c:\users\iship\onedrive\документы\github\crossplatform\shipov_lab2\shipov_lab2\x64\debug\pipe.obj
c:\users\iship\onedrive\документы\github\crossplatform\shipov_lab2\x64\debug\shipov_lab2.pdb
c:\users\iship\onedrive\документы\github\crossplatform\shipov_lab2\shipov_lab2\x64\debug\shipov_lab2.tlog\cl.command.1.tlog
c:\users\iship\onedrive\документы\github\crossplatform\shipov_lab2\shipov_lab2\x64\debug\shipov_lab2.tlog\cl.read.1.tlog
c:\users\iship\onedrive\документы\github\crossplatform\shipov_lab2\shipov_lab2\x64\debug\shipov_lab2.tlog\cl.write.1.tlog
c:\users\iship\onedrive\документы\github\crossplatform\shipov_lab2\shipov_lab2\x64\debug\shipov_lab2.tlog\link-cvtres.read.1.tlog
c:\users\iship\onedrive\документы\github\crossplatform\shipov_lab2\shipov_lab2\x64\debug\shipov_lab2.tlog\link-cvtres.write.1.tlog
c:\users\iship\onedrive\документы\github\crossplatform\shipov_lab2\shipov_lab2\x64\debug\shipov_lab2.tlog\link-rc.read.1.tlog
c:\users\iship\onedrive\документы\github\crossplatform\shipov_lab2\shipov_lab2\x64\debug\shipov_lab2.tlog\link-rc.write.1.tlog
c:\users\iship\onedrive\документы\github\crossplatform\shipov_lab2\shipov_lab2\x64\debug\shipov_lab2.tlog\link.17956-cvtres.read.1.tlog
c:\users\iship\onedrive\документы\github\crossplatform\shipov_lab2\shipov_lab2\x64\debug\shipov_lab2.tlog\link.17956-cvtres.write.1.tlog
c:\users\iship\onedrive\документы\github\crossplatform\shipov_lab2\shipov_lab2\x64\debug\shipov_lab2.tlog\link.17956-rc.read.1.tlog
c:\users\iship\onedrive\документы\github\crossplatform\shipov_lab2\shipov_lab2\x64\debug\shipov_lab2.tlog\link.17956-rc.write.1.tlog
c:\users\iship\onedrive\документы\github\crossplatform\shipov_lab2\shipov_lab2\x64\debug\shipov_lab2.tlog\link.17956.read.1.tlog
c:\users\iship\onedrive\документы\github\crossplatform\shipov_lab2\shipov_lab2\x64\debug\shipov_lab2.tlog\link.17956.read.2.tlog
c:\users\iship\onedrive\документы\github\crossplatform\shipov_lab2\shipov_lab2\x64\debug\shipov_lab2.tlog\link.17956.write.1.tlog
c:\users\iship\onedrive\документы\github\crossplatform\shipov_lab2\shipov_lab2\x64\debug\shipov_lab2.tlog\link.command.1.tlog
c:\users\iship\onedrive\документы\github\crossplatform\shipov_lab2\shipov_lab2\x64\debug\shipov_lab2.tlog\link.read.1.tlog
c:\users\iship\onedrive\документы\github\crossplatform\shipov_lab2\shipov_lab2\x64\debug\shipov_lab2.tlog\link.read.2.tlog
c:\users\iship\onedrive\документы\github\crossplatform\shipov_lab2\shipov_lab2\x64\debug\shipov_lab2.tlog\link.write.1.tlog
